Using pre-set license
Built from '2020.3/staging' branch; Version is '2020.3.16f1 (049d6eca3c44) revision 302446'; Using compiler version '192528614'; Build Type 'Release'
OS: 'Windows 10 Home; OS build 18363.1556; Version 1909; 64bit' Language: 'fr' Physical Memory: 8076 MB
BatchMode: 1, IsHumanControllingUs: 0, StartBugReporterOnCrash: 0, Is64bit: 1, IsPro: 0

 COMMAND LINE ARGUMENTS:
C:\Program Files\Unity\Hub\Editor\2020.3.16f1\Editor\Unity.exe
-adb2
-batchMode
-noUpm
-name
AssetImportWorker0
-projectPath
C:/Users/marti/Desktop/memoire/MA-Thesis-Martin-Colot---Machine-learning-for-EMG-data/src/dataAcquisition/QuestHandTrackingLight
-logFile
Logs/AssetImportWorker0.log
-srvPort
51610
Successfully changed project path to: C:/Users/marti/Desktop/memoire/MA-Thesis-Martin-Colot---Machine-learning-for-EMG-data/src/dataAcquisition/QuestHandTrackingLight
C:/Users/marti/Desktop/memoire/MA-Thesis-Martin-Colot---Machine-learning-for-EMG-data/src/dataAcquisition/QuestHandTrackingLight
Using Asset Import Pipeline V2.
Refreshing native plugins compatible for Editor in 322.28 ms, found 6 plugins.
Preloading 1 native plugins for Editor in 4.24 ms.
Initialize engine version: 2020.3.16f1 (049d6eca3c44)
[Subsystems] Discovering subsystems at path C:/Program Files/Unity/Hub/Editor/2020.3.16f1/Editor/Data/Resources/UnitySubsystems
[Subsystems] Discovering subsystems at path C:/Users/marti/Desktop/memoire/MA-Thesis-Martin-Colot---Machine-learning-for-EMG-data/src/dataAcquisition/QuestHandTrackingLight/Assets
GfxDevice: creating device client; threaded=0
Direct3D:
    Version:  Direct3D 11.0 [level 11.0]
    Renderer: NVIDIA GeForce 940MX (ID=0x134d)
    Vendor:   
    VRAM:     2010 MB
    Driver:   27.21.14.5167
Shader 'Oculus/OVRMRCameraFrameLit': fallback shader 'Alpha-Diffuse' not found
Initialize mono
Mono path[0] = 'C:/Program Files/Unity/Hub/Editor/2020.3.16f1/Editor/Data/Managed'
Mono path[1] = 'C:/Program Files/Unity/Hub/Editor/2020.3.16f1/Editor/Data/MonoBleedingEdge/lib/mono/unityjit'
Mono config path = 'C:/Program Files/Unity/Hub/Editor/2020.3.16f1/Editor/Data/MonoBleedingEdge/etc'
Using monoOptions --debugger-agent=transport=dt_socket,embedding=1,server=y,suspend=n,address=127.0.0.1:56036
Begin MonoManager ReloadAssembly
Registering precompiled unity dll's ...
Register platform support module: C:/Program Files/Unity/Hub/Editor/2020.3.16f1/Editor/Data/PlaybackEngines/WindowsStandaloneSupport/UnityEditor.WindowsStandalone.Extensions.dll
Registered in 0.005585 seconds.
Native extension for WindowsStandalone target not found
Refreshing native plugins compatible for Editor in 186.89 ms, found 6 plugins.
Preloading 1 native plugins for Editor in 0.12 ms.
Mono: successfully reloaded assembly
- Completed reload, in  5.869 seconds
Domain Reload Profiling:
	ReloadAssembly (5869ms)
		BeginReloadAssembly (106ms)
			ExecutionOrderSort (0ms)
			DisableScriptedObjects (0ms)
			BackupInstance (0ms)
			ReleaseScriptingObjects (0ms)
			CreateAndSetChildDomain (2ms)
		EndReloadAssembly (1495ms)
			LoadAssemblies (102ms)
			RebuildTransferFunctionScriptingTraits (0ms)
			SetupTypeCache (607ms)
			ReleaseScriptCaches (0ms)
			RebuildScriptCaches (93ms)
			SetupLoadedEditorAssemblies (585ms)
				LogAssemblyErrors (0ms)
				InitializePlatformSupportModulesInManaged (10ms)
				SetLoadedEditorAssemblies (1ms)
				RefreshPlugins (187ms)
				BeforeProcessingInitializeOnLoad (48ms)
				ProcessInitializeOnLoadAttributes (246ms)
				ProcessInitializeOnLoadMethodAttributes (94ms)
				AfterProcessingInitializeOnLoad (0ms)
				EditorAssembliesLoaded (1ms)
			ExecutionOrderSort2 (0ms)
			AwakeInstancesAfterBackupRestoration (0ms)
Platform modules already initialized, skipping
Registering precompiled user dll's ...
Registered in 0.020550 seconds.
Begin MonoManager ReloadAssembly
Native extension for WindowsStandalone target not found
Refreshing native plugins compatible for Editor in 1.17 ms, found 6 plugins.
Preloading 1 native plugins for Editor in 0.13 ms.
[XR] OculusXRPlugin: registering subsystems
[XR] Unable to register display lifecyle provider: [1]
[XR] Oculus Input lifecycle provider registered.
[XR] Unable to register input lifecyle provider: [1]
[XR] OVRP version 1.57.0
Mono: successfully reloaded assembly
- Completed reload, in  3.960 seconds
Domain Reload Profiling:
	ReloadAssembly (3962ms)
		BeginReloadAssembly (604ms)
			ExecutionOrderSort (0ms)
			DisableScriptedObjects (25ms)
			BackupInstance (0ms)
			ReleaseScriptingObjects (0ms)
			CreateAndSetChildDomain (46ms)
		EndReloadAssembly (3095ms)
			LoadAssemblies (319ms)
			RebuildTransferFunctionScriptingTraits (0ms)
			SetupTypeCache (1327ms)
			ReleaseScriptCaches (2ms)
			RebuildScriptCaches (155ms)
			SetupLoadedEditorAssemblies (1019ms)
				LogAssemblyErrors (0ms)
				InitializePlatformSupportModulesInManaged (11ms)
				SetLoadedEditorAssemblies (1ms)
				RefreshPlugins (1ms)
				BeforeProcessingInitializeOnLoad (252ms)
				ProcessInitializeOnLoadAttributes (724ms)
				ProcessInitializeOnLoadMethodAttributes (19ms)
				AfterProcessingInitializeOnLoad (10ms)
				EditorAssembliesLoaded (0ms)
			ExecutionOrderSort2 (0ms)
			AwakeInstancesAfterBackupRestoration (19ms)
Platform modules already initialized, skipping
========================================================================
Worker process is ready to serve import requests
Shader 'Oculus/OVRMRCameraFrameLit': fallback shader 'Alpha-Diffuse' not found
Launched and connected shader compiler UnityShaderCompiler.exe after 0.39 seconds
Refreshing native plugins compatible for Editor in 3.52 ms, found 6 plugins.
Preloading 1 native plugins for Editor in 0.97 ms.
Unloading 2277 Unused Serialized files (Serialized files now loaded: 0)
System memory in use before: 107.4 MB.
System memory in use after: 107.6 MB.

Unloading 42 unused Assets to reduce memory usage. Loaded Objects now: 2695.
Total: 14.732300 ms (FindLiveObjects: 0.747000 ms CreateObjectMapping: 0.277500 ms MarkObjects: 13.479500 ms  DeleteObjects: 0.226000 ms)

AssetImportParameters requested are different than current active one (requested -> active):
  custom:framework-win-MediaFoundation: 216162199b28c13a410421893ffa2e32 -> 
  custom:video-decoder-ogg-theora: a1e56fd34408186e4bbccfd4996cb3dc -> 
  custom:container-muxer-webm: aa71ff27fc2769a1b78a27578f13a17b -> 
  custom:container-demuxer-webm: 4f35f7cbe854078d1ac9338744f61a02 -> 
  custom:container-demuxer-ogg: 62fdf1f143b41e24485cea50d1cbac27 -> 
  custom:video-encoder-webm-vp8: eb34c28f22e8b96e1ab97ce403110664 -> 
  custom:video-codec-MediaFoundation-h265: 746d11721c4dcdbdad8f713fa42b33f4 -> 
  custom:video-decoder-webm-vp8: 9c59270c3fd7afecdb556c50c9e8de78 -> 
  custom:audio-decoder-ogg-vorbis: bf7c407c2cedff20999df2af8eb42d56 -> 
  custom:audio-encoder-webm-vorbis: bf7c407c2cedff20999df2af8eb42d56 -> 
========================================================================
Received Import Request.
  path: Assets/scripts/resultDisplaying
  artifactKey: Guid(b9c8503765ffdd74d909ab8e6a00c5a1) Importer(815301076,1909f56bfc062723c751e8b465ee728b)
Start importing Assets/scripts/resultDisplaying using Guid(b9c8503765ffdd74d909ab8e6a00c5a1) Importer(815301076,1909f56bfc062723c751e8b465ee728b)  -> (artifact id: 'bd2e7896a125cde08412172f1af99d81') in 0.026891 seconds 
  Import took 0.036817 seconds .

========================================================================
Received Prepare
Registering precompiled user dll's ...
Registered in 0.018483 seconds.
Begin MonoManager ReloadAssembly
Native extension for WindowsStandalone target not found
Refreshing native plugins compatible for Editor in 1.02 ms, found 6 plugins.
Preloading 1 native plugins for Editor in 0.12 ms.
Mono: successfully reloaded assembly
- Completed reload, in  2.423 seconds
Domain Reload Profiling:
	ReloadAssembly (2424ms)
		BeginReloadAssembly (232ms)
			ExecutionOrderSort (0ms)
			DisableScriptedObjects (15ms)
			BackupInstance (0ms)
			ReleaseScriptingObjects (0ms)
			CreateAndSetChildDomain (66ms)
		EndReloadAssembly (2011ms)
			LoadAssemblies (247ms)
			RebuildTransferFunctionScriptingTraits (0ms)
			SetupTypeCache (625ms)
			ReleaseScriptCaches (2ms)
			RebuildScriptCaches (121ms)
			SetupLoadedEditorAssemblies (846ms)
				LogAssemblyErrors (0ms)
				InitializePlatformSupportModulesInManaged (10ms)
				SetLoadedEditorAssemblies (1ms)
				RefreshPlugins (1ms)
				BeforeProcessingInitializeOnLoad (169ms)
				ProcessInitializeOnLoadAttributes (635ms)
				ProcessInitializeOnLoadMethodAttributes (18ms)
				AfterProcessingInitializeOnLoad (11ms)
				EditorAssembliesLoaded (0ms)
			ExecutionOrderSort2 (0ms)
			AwakeInstancesAfterBackupRestoration (14ms)
Platform modules already initialized, skipping
Shader 'Oculus/OVRMRCameraFrameLit': fallback shader 'Alpha-Diffuse' not found
Refreshing native plugins compatible for Editor in 23.26 ms, found 6 plugins.
Preloading 1 native plugins for Editor in 0.17 ms.
Unloading 2198 Unused Serialized files (Serialized files now loaded: 0)
System memory in use before: 100.8 MB.
System memory in use after: 101.0 MB.

Unloading 37 unused Assets to reduce memory usage. Loaded Objects now: 2698.
Total: 9.436900 ms (FindLiveObjects: 0.507900 ms CreateObjectMapping: 0.205000 ms MarkObjects: 8.639500 ms  DeleteObjects: 0.081900 ms)

AssetImportParameters requested are different than current active one (requested -> active):
  custom:framework-win-MediaFoundation: 216162199b28c13a410421893ffa2e32 -> 
  custom:video-decoder-ogg-theora: a1e56fd34408186e4bbccfd4996cb3dc -> 
  custom:container-muxer-webm: aa71ff27fc2769a1b78a27578f13a17b -> 
  custom:container-demuxer-webm: 4f35f7cbe854078d1ac9338744f61a02 -> 
  custom:container-demuxer-ogg: 62fdf1f143b41e24485cea50d1cbac27 -> 
  custom:video-encoder-webm-vp8: eb34c28f22e8b96e1ab97ce403110664 -> 
  custom:video-codec-MediaFoundation-h265: 746d11721c4dcdbdad8f713fa42b33f4 -> 
  custom:video-decoder-webm-vp8: 9c59270c3fd7afecdb556c50c9e8de78 -> 
  custom:audio-decoder-ogg-vorbis: bf7c407c2cedff20999df2af8eb42d56 -> 
  custom:audio-encoder-webm-vorbis: bf7c407c2cedff20999df2af8eb42d56 -> 
========================================================================
Received Import Request.
  Time since last request: 258.900999 seconds.
  path: Assets/prefabs/ball (1).prefab
  artifactKey: Guid(39b57c5c8a11ea24794e9fc17dd57cba) Importer(815301076,1909f56bfc062723c751e8b465ee728b)
Start importing Assets/prefabs/ball (1).prefab using Guid(39b57c5c8a11ea24794e9fc17dd57cba) Importer(815301076,1909f56bfc062723c751e8b465ee728b)  -> (artifact id: 'a2a985e1067f050d19f5438ad37ed997') in 0.271678 seconds 
  Import took 0.279117 seconds .

========================================================================
Received Import Request.
  Time since last request: 0.000324 seconds.
  path: Assets/prefabs/reconstructedHand.prefab
  artifactKey: Guid(ef020450e23b2a74a82f0b66a5ee26a3) Importer(815301076,1909f56bfc062723c751e8b465ee728b)
Start importing Assets/prefabs/reconstructedHand.prefab using Guid(ef020450e23b2a74a82f0b66a5ee26a3) Importer(815301076,1909f56bfc062723c751e8b465ee728b)  -> (artifact id: '71de39ac34755217abcf7fd604e21051') in 0.073193 seconds 
  Import took 0.077994 seconds .

========================================================================
Received Import Request.
  Time since last request: 0.000200 seconds.
  path: Assets/prefabs/reconstructedHandOld.prefab
  artifactKey: Guid(8fca8554fceb0f643bb911f1236ca0b6) Importer(815301076,1909f56bfc062723c751e8b465ee728b)
Start importing Assets/prefabs/reconstructedHandOld.prefab using Guid(8fca8554fceb0f643bb911f1236ca0b6) Importer(815301076,1909f56bfc062723c751e8b465ee728b)  -> (artifact id: '72685ea847f1720dffc1bf6dd68d9d36') in 0.034496 seconds 
  Import took 0.039842 seconds .

========================================================================
Received Import Request.
  Time since last request: 0.000521 seconds.
  path: Assets/prefabs/OculusAutoHandPlayer Container.prefab
  artifactKey: Guid(3c3f01004bf6b1244afc96416a0e3222) Importer(815301076,1909f56bfc062723c751e8b465ee728b)
Start importing Assets/prefabs/OculusAutoHandPlayer Container.prefab using Guid(3c3f01004bf6b1244afc96416a0e3222) Importer(815301076,1909f56bfc062723c751e8b465ee728b)  -> (artifact id: '0b03526babd107087b88212de5acedd2') in 0.425657 seconds 
  Import took 0.471925 seconds .

========================================================================
Received Import Request.
  Time since last request: 0.000211 seconds.
  path: Assets/prefabs/CustomZone.prefab
  artifactKey: Guid(65347fba4c9c55a4780ac21b1499f337) Importer(815301076,1909f56bfc062723c751e8b465ee728b)
Start importing Assets/prefabs/CustomZone.prefab using Guid(65347fba4c9c55a4780ac21b1499f337) Importer(815301076,1909f56bfc062723c751e8b465ee728b)  -> (artifact id: '857ce3dc8d784439047a0ef2ee299cb6') in 0.202288 seconds 
  Import took 0.212576 seconds .

========================================================================
Received Import Request.
  Time since last request: 0.000196 seconds.
  path: Assets/prefabs/timeDisplay.prefab
  artifactKey: Guid(57d341ba82fe9984db7fabefdb6c087a) Importer(815301076,1909f56bfc062723c751e8b465ee728b)
Start importing Assets/prefabs/timeDisplay.prefab using Guid(57d341ba82fe9984db7fabefdb6c087a) Importer(815301076,1909f56bfc062723c751e8b465ee728b)  -> (artifact id: '79e537d9d6668b9d3abe68f037df928f') in 0.018657 seconds 
  Import took 0.030399 seconds .

========================================================================
Received Import Request.
  Time since last request: 0.001411 seconds.
  path: Assets/prefabs/gestureRecognizer.prefab
  artifactKey: Guid(bc474c0a42c393f458eddd28a70ffe7d) Importer(815301076,1909f56bfc062723c751e8b465ee728b)
Start importing Assets/prefabs/gestureRecognizer.prefab using Guid(bc474c0a42c393f458eddd28a70ffe7d) Importer(815301076,1909f56bfc062723c751e8b465ee728b)  -> (artifact id: '9372407c50991738177a54134d9346a6') in 0.046450 seconds 
  Import took 0.052617 seconds .

========================================================================
Received Import Request.
  Time since last request: 171.109085 seconds.
  path: 
  artifactKey: Guid(e703f7cae919ba04e85ccffb5842f83a) Importer(815301076,1909f56bfc062723c751e8b465ee728b)
Start importing  using Guid(e703f7cae919ba04e85ccffb5842f83a) Importer(815301076,1909f56bfc062723c751e8b465ee728b)  -> (artifact id: '00000000000000000000000000000000') in 0.000136 seconds  code(3) message(Unknown asset with GUID 'e703f7cae919ba04e85ccffb5842f83a')
  ERROR: Unknown asset with GUID 'e703f7cae919ba04e85ccffb5842f83a'
  Import took 0.009146 seconds .

========================================================================
Received Prepare
Registering precompiled user dll's ...
Registered in 0.069786 seconds.
Begin MonoManager ReloadAssembly
Native extension for WindowsStandalone target not found
Refreshing native plugins compatible for Editor in 1.64 ms, found 6 plugins.
Preloading 1 native plugins for Editor in 0.12 ms.
Mono: successfully reloaded assembly
- Completed reload, in  2.247 seconds
Domain Reload Profiling:
	ReloadAssembly (2248ms)
		BeginReloadAssembly (181ms)
			ExecutionOrderSort (0ms)
			DisableScriptedObjects (9ms)
			BackupInstance (0ms)
			ReleaseScriptingObjects (0ms)
			CreateAndSetChildDomain (62ms)
		EndReloadAssembly (1942ms)
			LoadAssemblies (182ms)
			RebuildTransferFunctionScriptingTraits (0ms)
			SetupTypeCache (634ms)
			ReleaseScriptCaches (2ms)
			RebuildScriptCaches (115ms)
			SetupLoadedEditorAssemblies (716ms)
				LogAssemblyErrors (0ms)
				InitializePlatformSupportModulesInManaged (12ms)
				SetLoadedEditorAssemblies (1ms)
				RefreshPlugins (2ms)
				BeforeProcessingInitializeOnLoad (179ms)
				ProcessInitializeOnLoadAttributes (502ms)
				ProcessInitializeOnLoadMethodAttributes (12ms)
				AfterProcessingInitializeOnLoad (8ms)
				EditorAssembliesLoaded (0ms)
			ExecutionOrderSort2 (0ms)
			AwakeInstancesAfterBackupRestoration (10ms)
Platform modules already initialized, skipping
Shader 'Oculus/OVRMRCameraFrameLit': fallback shader 'Alpha-Diffuse' not found
Refreshing native plugins compatible for Editor in 0.94 ms, found 6 plugins.
Preloading 1 native plugins for Editor in 0.10 ms.
Unloading 1977 Unused Serialized files (Serialized files now loaded: 0)
System memory in use before: 113.6 MB.
System memory in use after: 113.8 MB.

Unloading 38 unused Assets to reduce memory usage. Loaded Objects now: 2711.
Total: 4.656500 ms (FindLiveObjects: 0.367500 ms CreateObjectMapping: 0.224700 ms MarkObjects: 4.017100 ms  DeleteObjects: 0.045100 ms)

AssetImportParameters requested are different than current active one (requested -> active):
  custom:framework-win-MediaFoundation: 216162199b28c13a410421893ffa2e32 -> 
  custom:video-decoder-ogg-theora: a1e56fd34408186e4bbccfd4996cb3dc -> 
  custom:container-muxer-webm: aa71ff27fc2769a1b78a27578f13a17b -> 
  custom:container-demuxer-webm: 4f35f7cbe854078d1ac9338744f61a02 -> 
  custom:container-demuxer-ogg: 62fdf1f143b41e24485cea50d1cbac27 -> 
  custom:video-encoder-webm-vp8: eb34c28f22e8b96e1ab97ce403110664 -> 
  custom:video-codec-MediaFoundation-h265: 746d11721c4dcdbdad8f713fa42b33f4 -> 
  custom:video-decoder-webm-vp8: 9c59270c3fd7afecdb556c50c9e8de78 -> 
  custom:audio-decoder-ogg-vorbis: bf7c407c2cedff20999df2af8eb42d56 -> 
  custom:audio-encoder-webm-vorbis: bf7c407c2cedff20999df2af8eb42d56 -> 
========================================================================
Received Import Request.
  Time since last request: 55.261098 seconds.
  path: Assets/scripts/dataAcquisition/buttonColorChanger.cs
  artifactKey: Guid(1a4baf6421d919f4f99dc01beb127a7b) Importer(815301076,1909f56bfc062723c751e8b465ee728b)
Start importing Assets/scripts/dataAcquisition/buttonColorChanger.cs using Guid(1a4baf6421d919f4f99dc01beb127a7b) Importer(815301076,1909f56bfc062723c751e8b465ee728b)  -> (artifact id: 'decb968ea55ab0183ddce09d25877da4') in 0.019177 seconds 
  Import took 0.026109 seconds .

========================================================================
Received Prepare
Registering precompiled user dll's ...
Registered in 0.020121 seconds.
Begin MonoManager ReloadAssembly
Native extension for WindowsStandalone target not found
Refreshing native plugins compatible for Editor in 8.94 ms, found 6 plugins.
Preloading 1 native plugins for Editor in 0.14 ms.
Mono: successfully reloaded assembly
- Completed reload, in  4.221 seconds
Domain Reload Profiling:
	ReloadAssembly (4222ms)
		BeginReloadAssembly (233ms)
			ExecutionOrderSort (0ms)
			DisableScriptedObjects (13ms)
			BackupInstance (0ms)
			ReleaseScriptingObjects (0ms)
			CreateAndSetChildDomain (83ms)
		EndReloadAssembly (3847ms)
			LoadAssemblies (181ms)
			RebuildTransferFunctionScriptingTraits (0ms)
			SetupTypeCache (675ms)
			ReleaseScriptCaches (2ms)
			RebuildScriptCaches (113ms)
			SetupLoadedEditorAssemblies (957ms)
				LogAssemblyErrors (0ms)
				InitializePlatformSupportModulesInManaged (52ms)
				SetLoadedEditorAssemblies (10ms)
				RefreshPlugins (12ms)
				BeforeProcessingInitializeOnLoad (231ms)
				ProcessInitializeOnLoadAttributes (620ms)
				ProcessInitializeOnLoadMethodAttributes (18ms)
				AfterProcessingInitializeOnLoad (13ms)
				EditorAssembliesLoaded (0ms)
			ExecutionOrderSort2 (0ms)
			AwakeInstancesAfterBackupRestoration (21ms)
Platform modules already initialized, skipping
Shader 'Oculus/OVRMRCameraFrameLit': fallback shader 'Alpha-Diffuse' not found
Refreshing native plugins compatible for Editor in 1.07 ms, found 6 plugins.
Preloading 1 native plugins for Editor in 0.10 ms.
Unloading 1976 Unused Serialized files (Serialized files now loaded: 0)
System memory in use before: 113.6 MB.
System memory in use after: 113.8 MB.

Unloading 37 unused Assets to reduce memory usage. Loaded Objects now: 2714.
Total: 6.523500 ms (FindLiveObjects: 1.098100 ms CreateObjectMapping: 0.182500 ms MarkObjects: 5.187700 ms  DeleteObjects: 0.053100 ms)

AssetImportParameters requested are different than current active one (requested -> active):
  custom:framework-win-MediaFoundation: 216162199b28c13a410421893ffa2e32 -> 
  custom:video-decoder-ogg-theora: a1e56fd34408186e4bbccfd4996cb3dc -> 
  custom:container-muxer-webm: aa71ff27fc2769a1b78a27578f13a17b -> 
  custom:container-demuxer-webm: 4f35f7cbe854078d1ac9338744f61a02 -> 
  custom:container-demuxer-ogg: 62fdf1f143b41e24485cea50d1cbac27 -> 
  custom:video-encoder-webm-vp8: eb34c28f22e8b96e1ab97ce403110664 -> 
  custom:video-codec-MediaFoundation-h265: 746d11721c4dcdbdad8f713fa42b33f4 -> 
  custom:video-decoder-webm-vp8: 9c59270c3fd7afecdb556c50c9e8de78 -> 
  custom:audio-decoder-ogg-vorbis: bf7c407c2cedff20999df2af8eb42d56 -> 
  custom:audio-encoder-webm-vorbis: bf7c407c2cedff20999df2af8eb42d56 -> 
========================================================================
Received Import Request.
  Time since last request: 82.827934 seconds.
  path: Assets/scripts/dataAcquisition/customCenterOfMass.cs
  artifactKey: Guid(c55dc1933d0fb6a4bba5b1eee5ba072f) Importer(815301076,1909f56bfc062723c751e8b465ee728b)
Start importing Assets/scripts/dataAcquisition/customCenterOfMass.cs using Guid(c55dc1933d0fb6a4bba5b1eee5ba072f) Importer(815301076,1909f56bfc062723c751e8b465ee728b)  -> (artifact id: '3c5481ef0abb27cc10bcb5f8826c407a') in 0.036023 seconds 
  Import took 0.043566 seconds .

========================================================================
Received Import Request.
  Time since last request: 0.018906 seconds.
  path: Assets/scripts/dataAcquisition/customCenterOfMass.cs
  artifactKey: Guid(c55dc1933d0fb6a4bba5b1eee5ba072f) Importer(815301076,1909f56bfc062723c751e8b465ee728b)
Start importing Assets/scripts/dataAcquisition/customCenterOfMass.cs using Guid(c55dc1933d0fb6a4bba5b1eee5ba072f) Importer(815301076,1909f56bfc062723c751e8b465ee728b)  -> (artifact id: '3c5481ef0abb27cc10bcb5f8826c407a') in 1.023980 seconds 
  Import took 1.032370 seconds .

========================================================================
Received Import Request.
  Time since last request: 0.467025 seconds.
  path: Assets/scripts/dataAcquisition/customCharacterMovement.cs
  artifactKey: Guid(3c3a8ebdc596b7a42864ccf071e6dfc5) Importer(815301076,1909f56bfc062723c751e8b465ee728b)
Start importing Assets/scripts/dataAcquisition/customCharacterMovement.cs using Guid(3c3a8ebdc596b7a42864ccf071e6dfc5) Importer(815301076,1909f56bfc062723c751e8b465ee728b)  -> (artifact id: 'bcc10b2b97554e4f351094adb8a49b97') in 0.014567 seconds 
  Import took 0.021356 seconds .

========================================================================
Received Import Request.
  Time since last request: 0.021745 seconds.
  path: Assets/scripts/dataAcquisition/customCharacterMovement.cs
  artifactKey: Guid(3c3a8ebdc596b7a42864ccf071e6dfc5) Importer(815301076,1909f56bfc062723c751e8b465ee728b)
Start importing Assets/scripts/dataAcquisition/customCharacterMovement.cs using Guid(3c3a8ebdc596b7a42864ccf071e6dfc5) Importer(815301076,1909f56bfc062723c751e8b465ee728b)  -> (artifact id: 'bcc10b2b97554e4f351094adb8a49b97') in 0.011569 seconds 
  Import took 0.018189 seconds .

========================================================================
Received Prepare
Registering precompiled user dll's ...
Registered in 0.017382 seconds.
Begin MonoManager ReloadAssembly
Native extension for WindowsStandalone target not found
Refreshing native plugins compatible for Editor in 2.10 ms, found 6 plugins.
Preloading 1 native plugins for Editor in 0.18 ms.
Mono: successfully reloaded assembly
- Completed reload, in  3.472 seconds
Domain Reload Profiling:
	ReloadAssembly (3473ms)
		BeginReloadAssembly (283ms)
			ExecutionOrderSort (0ms)
			DisableScriptedObjects (16ms)
			BackupInstance (0ms)
			ReleaseScriptingObjects (0ms)
			CreateAndSetChildDomain (92ms)
		EndReloadAssembly (2964ms)
			LoadAssemblies (267ms)
			RebuildTransferFunctionScriptingTraits (0ms)
			SetupTypeCache (985ms)
			ReleaseScriptCaches (2ms)
			RebuildScriptCaches (162ms)
			SetupLoadedEditorAssemblies (1214ms)
				LogAssemblyErrors (0ms)
				InitializePlatformSupportModulesInManaged (16ms)
				SetLoadedEditorAssemblies (1ms)
				RefreshPlugins (2ms)
				BeforeProcessingInitializeOnLoad (291ms)
				ProcessInitializeOnLoadAttributes (861ms)
				ProcessInitializeOnLoadMethodAttributes (25ms)
				AfterProcessingInitializeOnLoad (17ms)
				EditorAssembliesLoaded (0ms)
			ExecutionOrderSort2 (0ms)
			AwakeInstancesAfterBackupRestoration (20ms)
Platform modules already initialized, skipping
Shader 'Oculus/OVRMRCameraFrameLit': fallback shader 'Alpha-Diffuse' not found
Refreshing native plugins compatible for Editor in 4.82 ms, found 6 plugins.
Preloading 1 native plugins for Editor in 0.21 ms.
Unloading 1975 Unused Serialized files (Serialized files now loaded: 0)
System memory in use before: 113.6 MB.
System memory in use after: 113.8 MB.

Unloading 37 unused Assets to reduce memory usage. Loaded Objects now: 2717.
Total: 5.492000 ms (FindLiveObjects: 0.373800 ms CreateObjectMapping: 0.169700 ms MarkObjects: 4.898600 ms  DeleteObjects: 0.047800 ms)

AssetImportParameters requested are different than current active one (requested -> active):
  custom:framework-win-MediaFoundation: 216162199b28c13a410421893ffa2e32 -> 
  custom:video-decoder-ogg-theora: a1e56fd34408186e4bbccfd4996cb3dc -> 
  custom:container-muxer-webm: aa71ff27fc2769a1b78a27578f13a17b -> 
  custom:container-demuxer-webm: 4f35f7cbe854078d1ac9338744f61a02 -> 
  custom:container-demuxer-ogg: 62fdf1f143b41e24485cea50d1cbac27 -> 
  custom:video-encoder-webm-vp8: eb34c28f22e8b96e1ab97ce403110664 -> 
  custom:video-codec-MediaFoundation-h265: 746d11721c4dcdbdad8f713fa42b33f4 -> 
  custom:video-decoder-webm-vp8: 9c59270c3fd7afecdb556c50c9e8de78 -> 
  custom:audio-decoder-ogg-vorbis: bf7c407c2cedff20999df2af8eb42d56 -> 
  custom:audio-encoder-webm-vorbis: bf7c407c2cedff20999df2af8eb42d56 -> 
AssetImportWorkerClient::OnTransportError - code=2 error=End of file
